#! /usr/bin/vvp
:ivl_version "11.0 (stable)";
:ivl_delay_selection "TYPICAL";
:vpi_time_precision + 0;
:vpi_module "/usr/lib/x86_64-linux-gnu/ivl/system.vpi";
:vpi_module "/usr/lib/x86_64-linux-gnu/ivl/vhdl_sys.vpi";
:vpi_module "/usr/lib/x86_64-linux-gnu/ivl/vhdl_textio.vpi";
:vpi_module "/usr/lib/x86_64-linux-gnu/ivl/v2005_math.vpi";
:vpi_module "/usr/lib/x86_64-linux-gnu/ivl/va_math.vpi";
S_0x555c752dcdf0 .scope module, "counter" "counter" 2 1;
 .timescale 0 0;
    .port_info 0 /INPUT 1 "clk";
    .port_info 1 /INPUT 1 "rst";
    .port_info 2 /OUTPUT 32 "out";
o0x7f03d75ee018 .functor BUFZ 1, C4<z>; HiZ drive
v0x555c752de7f0_0 .net "clk", 0 0, o0x7f03d75ee018;  0 drivers
v0x555c752dec00_0 .var "out", 31 0;
o0x7f03d75ee078 .functor BUFZ 1, C4<z>; HiZ drive
v0x555c75323bd0_0 .net "rst", 0 0, o0x7f03d75ee078;  0 drivers
E_0x555c752dd8b0 .event posedge, v0x555c752de7f0_0;
    .scope S_0x555c752dcdf0;
T_0 ;
    %wait E_0x555c752dd8b0;
    %load/vec4 v0x555c75323bd0_0;
    %flag_set/vec4 8;
    %jmp/0xz  T_0.0, 8;
    %pushi/vec4 0, 0, 32;
    %assign/vec4 v0x555c752dec00_0, 0;
    %jmp T_0.1;
T_0.0 ;
    %load/vec4 v0x555c752dec00_0;
    %addi 1, 0, 32;
    %assign/vec4 v0x555c752dec00_0, 0;
T_0.1 ;
    %jmp T_0;
    .thread T_0;
# The file index is used to find the file name in the following table.
:file_names 3;
    "N/A";
    "<interactive>";
    "/home/jerryxu/ISE_project/PRBS_LED_OTMB2019/counter.v";
